<?xml version="1.0" encoding="UTF-8"?>
<!-- Generated by org.testng.reporters.JUnitReportReporter -->
<testsuite skipped="0" hostname="Pooja" name="com.orangehrm.testcases.TC_ApplyLeave_003" tests="1" failures="0" timestamp="2021-09-18T10:13:10 IST" time="10.764" errors="0">
  <testcase name="applyingLeave" time="10.764" classname="com.orangehrm.testcases.TC_ApplyLeave_003"/>
  <system-out/>
</testsuite> <!-- com.orangehrm.testcases.TC_ApplyLeave_003 -->
