<?xml version="1.0" encoding="UTF-8"?>
<!-- Generated by org.testng.reporters.JUnitReportReporter -->
<testsuite skipped="0" hostname="Pooja" name="com.orangehrm.testcases.TC_LoginDDT_002" tests="2" failures="0" timestamp="2021-09-18T10:13:10 IST" time="19.381" errors="0">
  <testcase name="loginDDT" time="1.534" classname="com.orangehrm.testcases.TC_LoginDDT_002"/>
  <system-out/>
  <testcase name="loginDDT" time="17.847" classname="com.orangehrm.testcases.TC_LoginDDT_002"/>
  <system-out/>
</testsuite> <!-- com.orangehrm.testcases.TC_LoginDDT_002 -->
