<?xml version="1.0" encoding="UTF-8"?>
<!-- Generated by org.testng.reporters.JUnitReportReporter -->
<testsuite skipped="0" hostname="Pooja" name="com.orangehrm.testcases.TC_LoginTest_001" tests="1" failures="0" timestamp="2021-09-11T10:39:21 IST" time="9.971" errors="0">
  <testcase name="loginTest" time="9.971" classname="com.orangehrm.testcases.TC_LoginTest_001"/>
  <system-out/>
</testsuite> <!-- com.orangehrm.testcases.TC_LoginTest_001 -->
